0 info it worked if it ends with ok
1 verbose cli [ 'C:\\Program Files\\nodejs\\node.exe',
1 verbose cli   'C:\\Program Files\\nodejs\\node_modules\\npm\\bin\\npm-cli.js',
1 verbose cli   'publish',
1 verbose cli   './',
1 verbose cli   '--tag=beta' ]
2 info using npm@3.10.10
3 info using node@v6.12.0
4 verbose publish [ './' ]
5 silly cache add args [ './', null ]
6 verbose cache add spec ./
7 silly cache add parsed spec Result {
7 silly cache add   raw: './',
7 silly cache add   scope: null,
7 silly cache add   escapedName: null,
7 silly cache add   name: null,
7 silly cache add   rawSpec: './',
7 silly cache add   spec: 'C:\\dev\\vuejs_book\\vue-tube',
7 silly cache add   type: 'directory' }
8 verbose addLocalDirectory C:\Users\chaebin\AppData\Roaming\npm-cache\vue-tube\0.1.0\package.tgz not in flight; packing
9 verbose correctMkdir C:\Users\chaebin\AppData\Roaming\npm-cache correctMkdir not in flight; initializing
10 info lifecycle vue-tube@0.1.0~prepublish: vue-tube@0.1.0
11 silly lifecycle vue-tube@0.1.0~prepublish: no script for prepublish, continuing
12 verbose tar pack [ 'C:\\Users\\chaebin\\AppData\\Roaming\\npm-cache\\vue-tube\\0.1.0\\package.tgz',
12 verbose tar pack   'C:\\dev\\vuejs_book\\vue-tube' ]
13 verbose tarball C:\Users\chaebin\AppData\Roaming\npm-cache\vue-tube\0.1.0\package.tgz
14 verbose folder C:\dev\vuejs_book\vue-tube
15 verbose addLocalTarball adding from inside cache C:\Users\chaebin\AppData\Roaming\npm-cache\vue-tube\0.1.0\package.tgz
16 verbose correctMkdir C:\Users\chaebin\AppData\Roaming\npm-cache correctMkdir not in flight; initializing
17 silly cache afterAdd vue-tube@0.1.0
18 verbose afterAdd C:\Users\chaebin\AppData\Roaming\npm-cache\vue-tube\0.1.0\package\package.json not in flight; writing
19 verbose correctMkdir C:\Users\chaebin\AppData\Roaming\npm-cache correctMkdir not in flight; initializing
20 verbose afterAdd C:\Users\chaebin\AppData\Roaming\npm-cache\vue-tube\0.1.0\package\package.json written
21 silly publish { name: 'vue-tube',
21 silly publish   version: '0.1.0',
21 silly publish   description: 'Youtbe player component for vue.js 2.x',
21 silly publish   main: 'dist/vue-tube.js',
21 silly publish   scripts: { build: 'rimraf ./dist && webpack --config ./webpack.config.js' },
21 silly publish   repository:
21 silly publish    { type: 'git',
21 silly publish      url: 'git+https://github.com/stepanowon/vue-tube.git' },
21 silly publish   keywords: [ 'Youtube', 'Player', 'Vue.js' ],
21 silly publish   author: { name: 'Stephen Won' },
21 silly publish   license: 'MIT',
21 silly publish   bugs: { url: 'https://github.com/stepanowon/vue-tube/issues' },
21 silly publish   homepage: 'https://github.com/stepanowon/vue-tube#readme',
21 silly publish   dependencies: { vue: '^2.5.13' },
21 silly publish   devDependencies:
21 silly publish    { autoprefixer: '^7.1.2',
21 silly publish      'babel-core': '^6.22.1',
21 silly publish      'babel-helper-vue-jsx-merge-props': '^2.0.3',
21 silly publish      'babel-loader': '^7.1.1',
21 silly publish      'babel-plugin-syntax-jsx': '^6.18.0',
21 silly publish      'babel-plugin-transform-runtime': '^6.22.0',
21 silly publish      'babel-plugin-transform-vue-jsx': '^3.5.0',
21 silly publish      'babel-preset-env': '^1.3.2',
21 silly publish      'babel-preset-stage-2': '^6.22.0',
21 silly publish      chalk: '^2.0.1',
21 silly publish      'copy-webpack-plugin': '^4.0.1',
21 silly publish      'css-loader': '^0.28.0',
21 silly publish      'extract-text-webpack-plugin': '^3.0.0',
21 silly publish      'file-loader': '^1.1.4',
21 silly publish      'friendly-errors-webpack-plugin': '^1.6.1',
21 silly publish      'html-webpack-plugin': '^2.30.1',
21 silly publish      'node-notifier': '^5.1.2',
21 silly publish      'optimize-css-assets-webpack-plugin': '^3.2.0',
21 silly publish      ora: '^1.2.0',
21 silly publish      portfinder: '^1.0.13',
21 silly publish      'postcss-import': '^11.0.0',
21 silly publish      'postcss-loader': '^2.0.8',
21 silly publish      'postcss-url': '^7.2.1',
21 silly publish      rimraf: '^2.6.0',
21 silly publish      semver: '^5.3.0',
21 silly publish      shelljs: '^0.7.6',
21 silly publish      'uglifyjs-webpack-plugin': '^1.1.1',
21 silly publish      'url-loader': '^0.5.8',
21 silly publish      'vue-loader': '^13.3.0',
21 silly publish      'vue-style-loader': '^3.0.1',
21 silly publish      'vue-template-compiler': '^2.5.2',
21 silly publish      webpack: '^3.6.0',
21 silly publish      'webpack-bundle-analyzer': '^2.9.0',
21 silly publish      'webpack-dev-server': '^2.9.1',
21 silly publish      'webpack-merge': '^4.1.0' },
21 silly publish   readme: '# vue-tube \r\nYoutube Player Component for Vue.js 2.x.\r\nThis is based on https://developers.google.com/youtube/player_parameters?hl=en \r\n\r\n> Contact : stepanowon@hotmail.com (Stephen Won : 원형섭)\r\n>\r\n> Online Demo : [jsfiddle](https://jsfiddle.net/v0wffu6z), [single html](http://sample.bmaster.kro.kr/vuetube-sample.html) \r\n## License\r\nMIT\r\n## Usage  \r\n#### CDN - install\r\n~~~\r\n<script type="text/javascript" src="https://unpkg.com/vue@2.5.13/dist/vue.js"></script>\r\n<script type="text/javascript" src="https://cdn.rawgit.com/stepanowon/vue-tube/master/dist/vue-tube.min.js"></script>\r\n<script type="text/javascript">\r\n    Vue.use(VueTube)\r\n</script>\r\n~~~\r\n#### CDN - usage\r\n~~~\r\n<div id="app">\r\n    <div>\r\n        <vue-tube :videoid="video_id" :loop="loop" :autoplay="autoplay" />\r\n    </div>\r\n</div>\r\n......\r\n<script type="text/javascript">\r\n    Vue.use(VueTube)\r\n    new Vue({\r\n        el : "#app",\r\n        data : {\r\n            video_id:"PABUl_EX_hw", loop:0, autoplay:1\r\n        }\r\n    })\r\n</script>\r\n......\r\n~~~\r\n##\r\n#### NPM Registry - install\r\n~~~\r\nnpm install --save vue-tube\r\n- or -\r\nyarn add vue-tube\r\n~~~\r\n\r\n#### NPM Registry - usage\r\n~~~\r\n<VueTube :videoid="video_id" :width="640" :height="480" :autoplay="1" :loop="1" :listType="listType" :list="list" />\r\n......\r\n<script>\r\nimport VueTube from \'vue-tube\'\r\n\r\nexport default {\r\n  components: { VueTube },\r\n}\r\n</script>\r\n~~~\r\n##\r\n#### Props\r\n   * width\r\n      - type : Number\r\n      - width of player \r\n   * height \r\n     - type : Number\r\n     - height of player\r\n   * autoplay \r\n      - type : Number\r\n      - default value : 0\r\n      - autoplay of player ( 0 , 1:autoplay) \r\n   * videoid \r\n      - type : String \r\n      - Youtube video id\r\n   * hl \r\n      - type : String\r\n      - default value : \'en\' \r\n      - interface language(ex:en, ko, ja)\r\n   * loop\r\n      - type : Number\r\n      - default value : 0\r\n      - a setting of 1 causes the player to play the initial video again and again\r\n   * rel\r\n      - type : Number\r\n      - default value : 0\r\n      - a setting of 1 causes the player to show related videos when playback of the initial video ends.\r\n   * listType\r\n\t   - type : String\r\n\t   - list type : \'search\', \'playlist\', \'user_uploads\'\r\n   * list\r\n      - type : String\r\n      - If the listType parameter value is search, then the list parameter value specifies the search query.\r\n      - If the listType parameter value is user_uploads, then the list parameter value identifies the YouTube channel whose uploaded videos will be loaded.\r\n      - If the listType parameter value is playlist, then the list parameter value specifies a YouTube playlist ID. In the parameter value, you need to prepend the playlist ID with the letters PL as shown in the example below.\r\n      - if you want to use this parameter, videoid parameter must not be specified. \r\n##\r\n#### methods\r\n  * playVideo()\r\n  * stopVideo() \r\n  * mute()\r\n  * unMute()\r\n  * setVolume(number) : number => 0~100\r\n  * getVolume() \r\n  * setSize(width, height) : you can set player size on run-time\r\n\r\n## events\r\n  * ended : when current video is ended\r\n  * paused : when current video is pauded \r\n  * played : when video is played\r\n\r\n\r\n\r\n',
21 silly publish   readmeFilename: 'README.md',
21 silly publish   gitHead: '4c6c78f82b1a0a72248d8f120fbe1b2c87c4717f',
21 silly publish   _id: 'vue-tube@0.1.0',
21 silly publish   _shasum: 'cce0d8cb49b0464b728573ba758e2d5cb336ca9a',
21 silly publish   _from: '.' }
22 verbose getPublishConfig undefined
23 silly mapToRegistry name vue-tube
24 silly mapToRegistry using default registry
25 silly mapToRegistry registry https://registry.npmjs.org/
26 silly mapToRegistry data Result {
26 silly mapToRegistry   raw: 'vue-tube',
26 silly mapToRegistry   scope: null,
26 silly mapToRegistry   escapedName: 'vue-tube',
26 silly mapToRegistry   name: 'vue-tube',
26 silly mapToRegistry   rawSpec: '',
26 silly mapToRegistry   spec: 'latest',
26 silly mapToRegistry   type: 'tag' }
27 silly mapToRegistry uri https://registry.npmjs.org/vue-tube
28 verbose publish registryBase https://registry.npmjs.org/
29 silly publish uploading C:\Users\chaebin\AppData\Roaming\npm-cache\vue-tube\0.1.0\package.tgz
30 verbose request uri https://registry.npmjs.org/vue-tube
31 verbose request sending authorization for write operation
32 info attempt registry request try #1 at 12:19:58
33 verbose request using bearer token for auth
34 verbose request id 680709d19dbe0f45
35 http request PUT https://registry.npmjs.org/vue-tube
36 http 403 https://registry.npmjs.org/vue-tube
37 verbose headers { 'content-type': 'application/json',
37 verbose headers   'cache-control': 'max-age=300',
37 verbose headers   'content-length': '70',
37 verbose headers   'accept-ranges': 'bytes',
37 verbose headers   date: 'Fri, 26 Jan 2018 03:19:51 GMT',
37 verbose headers   via: '1.1 varnish',
37 verbose headers   connection: 'keep-alive',
37 verbose headers   'x-served-by': 'cache-hnd18734-HND',
37 verbose headers   'x-cache': 'MISS',
37 verbose headers   'x-cache-hits': '0',
37 verbose headers   'x-timer': 'S1516936789.014144,VS0,VE2082',
37 verbose headers   vary: 'Accept-Encoding, Accept' }
38 verbose request invalidating C:\Users\chaebin\AppData\Roaming\npm-cache\registry.npmjs.org\vue-tube on PUT
39 error publish Failed PUT 403
40 verbose stack Error: vue-tube cannot be republished until 24 hours have passed. : vue-tube
40 verbose stack     at makeError (C:\Users\chaebin\AppData\Roaming\nvm\v6.12.0\node_modules\npm\node_modules\npm-registry-client\lib\request.js:302:12)
40 verbose stack     at CachingRegistryClient.<anonymous> (C:\Users\chaebin\AppData\Roaming\nvm\v6.12.0\node_modules\npm\node_modules\npm-registry-client\lib\request.js:290:14)
40 verbose stack     at Request._callback (C:\Users\chaebin\AppData\Roaming\nvm\v6.12.0\node_modules\npm\node_modules\npm-registry-client\lib\request.js:210:14)
40 verbose stack     at Request.self.callback (C:\Users\chaebin\AppData\Roaming\nvm\v6.12.0\node_modules\npm\node_modules\request\request.js:187:22)
40 verbose stack     at emitTwo (events.js:106:13)
40 verbose stack     at Request.emit (events.js:191:7)
40 verbose stack     at Request.<anonymous> (C:\Users\chaebin\AppData\Roaming\nvm\v6.12.0\node_modules\npm\node_modules\request\request.js:1048:10)
40 verbose stack     at emitOne (events.js:96:13)
40 verbose stack     at Request.emit (events.js:188:7)
40 verbose stack     at IncomingMessage.<anonymous> (C:\Users\chaebin\AppData\Roaming\nvm\v6.12.0\node_modules\npm\node_modules\request\request.js:969:12)
41 verbose statusCode 403
42 verbose pkgid vue-tube
43 verbose cwd C:\dev\vuejs_book\vue-tube
44 error Windows_NT 10.0.16299
45 error argv "C:\\Program Files\\nodejs\\node.exe" "C:\\Program Files\\nodejs\\node_modules\\npm\\bin\\npm-cli.js" "publish" "./" "--tag=beta"
46 error node v6.12.0
47 error npm  v3.10.10
48 error code E403
49 error vue-tube cannot be republished until 24 hours have passed. : vue-tube
50 error If you need help, you may report this error at:
50 error     <https://github.com/npm/npm/issues>
51 verbose exit [ 1, true ]
